0 info it worked if it ends with ok
1 verbose cli [ 'node', '/home/jay/.nvm/v0.10.32/bin/npm', 'start' ]
2 info using npm@3.7.2
3 info using node@v0.10.32
4 verbose run-script [ 'prestart', 'start', 'poststart' ]
5 info lifecycle angular2-quickstart@1.0.0~prestart: angular2-quickstart@1.0.0
6 silly lifecycle angular2-quickstart@1.0.0~prestart: no script for prestart, continuing
7 info lifecycle angular2-quickstart@1.0.0~start: angular2-quickstart@1.0.0
8 verbose lifecycle angular2-quickstart@1.0.0~start: unsafe-perm in lifecycle true
9 verbose lifecycle angular2-quickstart@1.0.0~start: PATH: /home/jay/.nvm/v0.10.32/lib/node_modules/npm/bin/node-gyp-bin:/home/jay/AngularPlayGround/AngularJS2.0Component/node_modules/.bin:/home/jay/.nvm/v0.10.32/bin:/home/jay/.nvm/v0.10.32/bin:/home/jay/.rbenv/plugins/ruby-build/bin:/home/jay/.rbenv/shims:/home/jay/.rbenv/bin:/usr/local/heroku/bin:/home/jay/.rbenv/plugins/ruby-build/bin:/home/jay/.rbenv/shims:/home/jay/.rbenv/bin:/usr/local/sbin:/usr/local/bin:/usr/sbin:/usr/bin:/sbin:/bin:/usr/games:/usr/local/games:/usr/local/go/bin:/usr/local/go/bin:/usr/lib/jvm/java-7-openjdk-i386/:/home/jay/android-sdk-linux/:/home/jay/android-sdk-linux/tools:/home/jay/android-sdk-linux/platform-tools:/home/jay/apache-ant-1.9.4/bin
10 verbose lifecycle angular2-quickstart@1.0.0~start: CWD: /home/jay/AngularPlayGround/AngularJS2.0Component
11 silly lifecycle angular2-quickstart@1.0.0~start: Args: [ '-c', 'npm run lite' ]
12 silly lifecycle angular2-quickstart@1.0.0~start: Returned: code: 1  signal: null
13 info lifecycle angular2-quickstart@1.0.0~start: Failed to exec start script
14 verbose stack Error: angular2-quickstart@1.0.0 start: `npm run lite`
14 verbose stack Exit status 1
14 verbose stack     at EventEmitter.<anonymous> (/home/jay/.nvm/v0.10.32/lib/node_modules/npm/lib/utils/lifecycle.js:239:16)
14 verbose stack     at EventEmitter.emit (events.js:98:17)
14 verbose stack     at ChildProcess.<anonymous> (/home/jay/.nvm/v0.10.32/lib/node_modules/npm/lib/utils/spawn.js:24:14)
14 verbose stack     at ChildProcess.emit (events.js:98:17)
14 verbose stack     at maybeClose (child_process.js:756:16)
14 verbose stack     at Process.ChildProcess._handle.onexit (child_process.js:823:5)
15 verbose pkgid angular2-quickstart@1.0.0
16 verbose cwd /home/jay/AngularPlayGround/AngularJS2.0Component
17 error Linux 3.13.0-32-generic
18 error argv "node" "/home/jay/.nvm/v0.10.32/bin/npm" "start"
19 error node v0.10.32
20 error npm  v3.7.2
21 error code ELIFECYCLE
22 error angular2-quickstart@1.0.0 start: `npm run lite`
22 error Exit status 1
23 error Failed at the angular2-quickstart@1.0.0 start script 'npm run lite'.
23 error Make sure you have the latest version of node.js and npm installed.
23 error If you do, this is most likely a problem with the angular2-quickstart package,
23 error not with npm itself.
23 error Tell the author that this fails on your system:
23 error     npm run lite
23 error You can get information on how to open an issue for this project with:
23 error     npm bugs angular2-quickstart
23 error Or if that isn't available, you can get their info via:
23 error     npm owner ls angular2-quickstart
23 error There is likely additional logging output above.
24 verbose exit [ 1, true ]
